[2019-01-25 13:41:30] product_service_log.INFO: Request: PUT [] {"uid":"37d3120"}
[2019-01-25 13:41:30] product_service_log.INFO: Response: 200 OK [] {"uid":"37d3120"}
[2019-01-25 13:44:09] product_service_log.INFO: Request: PUT [] {"uid":"c0ff38f"}
[2019-01-25 13:44:28] product_service_log.INFO: Request: PUT [] {"uid":"dadc13a"}
[2019-01-25 13:44:28] product_service_log.INFO: Response: 200 OK [] {"uid":"dadc13a"}
[2019-01-25 13:45:09] product_service_log.INFO: Request: PUT [] {"uid":"6b1301a"}
[2019-01-25 13:45:09] product_service_log.INFO: Response: 200 OK [] {"uid":"6b1301a"}
[2019-01-25 13:45:20] product_service_log.INFO: Request: POST [] {"uid":"fbc493c"}
[2019-01-25 13:45:20] product_service_log.INFO: Response: 405 Method Not Allowed [] {"uid":"fbc493c"}
[2019-01-25 13:45:30] product_service_log.INFO: Request: POST [] {"uid":"0a43028"}
[2019-01-25 13:45:30] product_service_log.INFO: Response: 200 OK [] {"uid":"0a43028"}
[2019-01-25 13:45:42] product_service_log.INFO: Request: DELETE [] {"uid":"3214435"}
[2019-01-25 13:45:42] product_service_log.INFO: Response: 200 OK [] {"uid":"3214435"}
[2019-01-25 13:46:23] product_service_log.INFO: Request: PATCH [] {"uid":"5833387"}
[2019-01-25 13:46:23] product_service_log.INFO: Response: 405 Method Not Allowed [] {"uid":"5833387"}
[2019-01-25 13:46:29] product_service_log.INFO: Request: PATCH [] {"uid":"bd64e53"}
[2019-01-25 13:46:29] product_service_log.INFO: Response: 200 OK [] {"uid":"bd64e53"}
[2019-01-25 13:54:21] product_service_log.INFO: Request: PATCH [] {"uid":"8317dff"}
[2019-01-25 13:54:21] product_service_log.INFO: Response: 200 OK [] {"uid":"8317dff"}
[2019-01-25 13:54:25] product_service_log.INFO: Request: PUT [] {"uid":"0e922ef"}
[2019-01-25 13:54:25] product_service_log.INFO: Response: 405 Method Not Allowed [] {"uid":"0e922ef"}
[2019-01-25 13:54:32] product_service_log.INFO: Request: PUT [] {"uid":"0141a0e"}
[2019-01-25 13:54:32] product_service_log.INFO: Response: 200 OK [] {"uid":"0141a0e"}
[2019-01-25 13:54:45] product_service_log.INFO: Request: PUT [] {"uid":"e66583b"}
[2019-01-25 13:54:45] product_service_log.INFO: Response: 200 OK [] {"uid":"e66583b"}
[2019-01-25 13:54:48] product_service_log.INFO: Request: PUT [] {"uid":"227fb08"}
[2019-01-25 13:54:48] product_service_log.INFO: Response: 200 OK [] {"uid":"227fb08"}
[2019-01-25 13:54:58] product_service_log.INFO: Request: PUT [] {"uid":"9f9d33f"}
[2019-01-25 13:54:58] product_service_log.INFO: Response: 200 OK [] {"uid":"9f9d33f"}
[2019-01-25 13:55:09] product_service_log.INFO: Request: PUT [] {"uid":"b313abd"}
[2019-01-25 13:55:09] product_service_log.INFO: Response: 200 OK [] {"uid":"b313abd"}
[2019-01-25 13:55:18] product_service_log.INFO: Request: PUT [] {"uid":"bf56890"}
[2019-01-25 13:55:18] product_service_log.INFO: Response: 200 OK [] {"uid":"bf56890"}
[2019-01-25 13:55:26] product_service_log.INFO: Request: POST [] {"uid":"21c1d65"}
[2019-01-25 13:55:26] product_service_log.INFO: Response: 405 Method Not Allowed [] {"uid":"21c1d65"}
[2019-01-25 13:55:28] product_service_log.INFO: Request: POST [] {"uid":"ca5fd14"}
[2019-01-25 13:55:28] product_service_log.INFO: Response: 404 Not Found [] {"uid":"ca5fd14"}
[2019-01-25 13:55:33] product_service_log.INFO: Request: POST [] {"uid":"97f51e5"}
[2019-01-25 13:55:33] product_service_log.INFO: Response: 200 OK [] {"uid":"97f51e5"}
[2019-01-25 13:55:35] product_service_log.INFO: Request: POST [] {"uid":"b6bc9fe"}
[2019-01-25 13:55:35] product_service_log.INFO: Response: 404 Not Found [] {"uid":"b6bc9fe"}
[2019-01-25 13:55:39] product_service_log.INFO: Request: POST [] {"uid":"28c8fc9"}
[2019-01-25 13:55:39] product_service_log.INFO: Response: 200 OK [] {"uid":"28c8fc9"}
[2019-01-25 13:57:23] product_service_log.INFO: Request: POST [] {"uid":"51a6178"}
[2019-01-25 13:57:23] product_service_log.INFO: Response: 200 OK [] {"uid":"51a6178"}
[2019-01-25 13:57:55] product_service_log.INFO: Request: POST [] {"uid":"c7b1cca"}
[2019-01-25 13:57:55] product_service_log.INFO: Response: 200 OK [] {"uid":"c7b1cca"}
[2019-01-25 13:57:59] product_service_log.INFO: Request: GET [] {"uid":"dacbcf3"}
[2019-01-25 13:58:39] product_service_log.INFO: Request: GET [] {"uid":"52dbc98"}
[2019-01-25 13:58:39] product_service_log.INFO: Response: 200 OK [] {"uid":"52dbc98"}
[2019-01-25 14:00:18] product_service_log.INFO: Request: GET [] {"uid":"9efca8e"}
[2019-01-25 14:00:18] product_service_log.INFO: Response: 200 OK [] {"uid":"9efca8e"}
[2019-01-25 14:01:25] product_service_log.INFO: Request: GET [] {"uid":"8dfdd30"}
[2019-01-25 14:01:25] product_service_log.INFO: Response: 200 OK [] {"uid":"8dfdd30"}
[2019-01-25 14:01:30] product_service_log.INFO: Request: GET [] {"uid":"0160802"}
[2019-01-25 14:01:30] product_service_log.INFO: Response: 200 OK [] {"uid":"0160802"}
[2019-01-25 14:01:34] product_service_log.INFO: Request: GET [] {"uid":"aca4846"}
[2019-01-25 14:01:34] product_service_log.INFO: Response: 200 OK [] {"uid":"aca4846"}
[2019-01-25 14:20:54] product_service_log.INFO: Request: POST [] {"uid":"dbdbf89"}
[2019-01-25 14:21:00] product_service_log.INFO: Request: POST [] {"uid":"94c61dc"}
[2019-01-25 14:21:31] product_service_log.INFO: Request: POST [] {"uid":"e03e859"}
[2019-01-25 14:21:31] product_service_log.INFO: Response: 200 OK [] {"uid":"e03e859"}
[2019-01-25 14:21:47] product_service_log.INFO: Request: POST [] {"uid":"e5a26ff"}
[2019-01-25 14:21:47] product_service_log.INFO: Response: 200 OK [] {"uid":"e5a26ff"}
[2019-01-25 14:21:53] product_service_log.INFO: Request: POST [] {"uid":"6ca4450"}
[2019-01-25 14:21:53] product_service_log.INFO: Response: 200 OK [] {"uid":"6ca4450"}
[2019-01-25 14:23:17] product_service_log.INFO: Request: POST [] {"uid":"48b8450"}
[2019-01-25 14:23:18] product_service_log.INFO: Response: 200 OK [] {"uid":"48b8450"}
[2019-01-25 14:24:01] product_service_log.INFO: Request: POST [] {"uid":"c7bb664"}
[2019-01-25 14:24:52] product_service_log.INFO: Request: POST [] {"uid":"6bc7027"}
[2019-01-25 14:24:58] product_service_log.INFO: Request: POST [] {"uid":"1743572"}
[2019-01-25 14:25:05] product_service_log.INFO: Request: POST [] {"uid":"ff43d97"}
[2019-01-25 14:25:05] product_service_log.INFO: Response: 200 OK [] {"uid":"ff43d97"}
[2019-01-25 14:26:13] product_service_log.INFO: Request: POST [] {"uid":"399e4f9"}
[2019-01-25 14:26:13] product_service_log.INFO: Response: 200 OK [] {"uid":"399e4f9"}
[2019-01-25 14:26:18] product_service_log.INFO: Request: POST [] {"uid":"5d5fc4a"}
[2019-01-25 14:26:18] product_service_log.INFO: Response: 200 OK [] {"uid":"5d5fc4a"}
[2019-01-25 14:26:22] product_service_log.INFO: Request: POST [] {"uid":"657d5fe"}
[2019-01-25 14:26:22] product_service_log.INFO: Response: 200 OK [] {"uid":"657d5fe"}
[2019-01-25 14:26:48] product_service_log.INFO: Request: DELETE [] {"uid":"9a75882"}
[2019-01-25 14:26:48] product_service_log.INFO: Response: 200 OK [] {"uid":"9a75882"}
[2019-01-25 14:26:55] product_service_log.INFO: Request: DELETE [] {"uid":"76edb46"}
[2019-01-25 14:26:55] product_service_log.INFO: Response: 200 OK [] {"uid":"76edb46"}
[2019-01-25 14:27:04] product_service_log.INFO: Request: DELETE [] {"uid":"13b3318"}
[2019-01-25 14:27:04] product_service_log.INFO: Response: 200 OK [] {"uid":"13b3318"}
[2019-01-25 14:27:12] product_service_log.INFO: Request: DELETE [] {"uid":"4cac938"}
[2019-01-25 14:27:12] product_service_log.INFO: Response: 200 OK [] {"uid":"4cac938"}
[2019-01-25 14:27:14] product_service_log.INFO: Request: DELETE [] {"uid":"8c907cc"}
[2019-01-25 14:27:14] product_service_log.INFO: Response: 200 OK [] {"uid":"8c907cc"}
[2019-01-25 14:27:15] product_service_log.INFO: Request: DELETE [] {"uid":"afc9b53"}
[2019-01-25 14:27:16] product_service_log.INFO: Response: 200 OK [] {"uid":"afc9b53"}
[2019-01-25 14:27:37] product_service_log.INFO: Request: PUT [] {"uid":"bd9a36b"}
[2019-01-25 14:27:37] product_service_log.INFO: Response: 405 Method Not Allowed [] {"uid":"bd9a36b"}
[2019-01-25 14:29:07] product_service_log.INFO: Request: PUT [] {"uid":"02f3289"}
[2019-01-25 14:29:07] product_service_log.INFO: Response: 405 Method Not Allowed [] {"uid":"02f3289"}
[2019-01-25 14:29:26] product_service_log.INFO: Request: PUT [] {"uid":"082d9ab"}
[2019-01-25 14:29:26] product_service_log.INFO: Response: 405 Method Not Allowed [] {"uid":"082d9ab"}
[2019-01-25 14:29:33] product_service_log.INFO: Request: PUT [] {"uid":"cf063f6"}
[2019-01-25 14:29:33] product_service_log.INFO: Response: 200 OK [] {"uid":"cf063f6"}
[2019-01-25 14:31:14] product_service_log.INFO: Request: GET [] {"uid":"b5956c7"}
[2019-01-25 14:31:14] product_service_log.INFO: Response: 200 OK [] {"uid":"b5956c7"}
[2019-01-25 14:31:32] product_service_log.INFO: Request: PUT [] {"uid":"b921788"}
[2019-01-25 14:31:33] product_service_log.INFO: Response: 200 OK [] {"uid":"b921788"}
[2019-01-25 14:31:37] product_service_log.INFO: Request: GET [] {"uid":"2d55e40"}
[2019-01-25 14:31:37] product_service_log.INFO: Response: 200 OK [] {"uid":"2d55e40"}
[2019-01-25 14:31:44] product_service_log.INFO: Request: GET [] {"uid":"bc8edad"}
[2019-01-25 14:31:44] product_service_log.INFO: Response: 200 OK [] {"uid":"bc8edad"}
[2019-01-25 14:31:51] product_service_log.INFO: Request: POST [] {"uid":"c5f8c71"}
[2019-01-25 14:31:52] product_service_log.INFO: Response: 200 OK [] {"uid":"c5f8c71"}
[2019-01-25 14:31:56] product_service_log.INFO: Request: GET [] {"uid":"9dca7a4"}
[2019-01-25 14:31:56] product_service_log.INFO: Response: 200 OK [] {"uid":"9dca7a4"}
[2019-01-25 14:32:06] product_service_log.INFO: Request: DELETE [] {"uid":"956f78c"}
[2019-01-25 14:32:06] product_service_log.INFO: Response: 200 OK [] {"uid":"956f78c"}
[2019-01-25 14:32:15] product_service_log.INFO: Request: DELETE [] {"uid":"d2b2a68"}
[2019-01-25 14:32:16] product_service_log.INFO: Response: 200 OK [] {"uid":"d2b2a68"}
[2019-01-25 14:39:56] product_service_log.INFO: Request: DELETE [] {"uid":"90684da"}
[2019-01-25 14:39:56] product_service_log.INFO: Response: 200 OK [] {"uid":"90684da"}
[2019-01-25 14:40:00] product_service_log.INFO: Request: GET [] {"uid":"edb461e"}
[2019-01-25 14:40:00] product_service_log.INFO: Response: 200 OK [] {"uid":"edb461e"}
[2019-01-25 14:40:07] product_service_log.INFO: Request: GET [] {"uid":"93b19e0"}
[2019-01-25 14:40:07] product_service_log.INFO: Response: 404 Not Found [] {"uid":"93b19e0"}
[2019-01-25 14:40:10] product_service_log.INFO: Request: GET [] {"uid":"7f7e5ca"}
[2019-01-25 14:40:10] product_service_log.INFO: Response: 200 OK [] {"uid":"7f7e5ca"}
[2019-01-25 14:42:08] product_service_log.INFO: Request: POST [] {"uid":"632e993"}
[2019-01-25 14:42:08] product_service_log.INFO: Response: 200 OK [] {"uid":"632e993"}
[2019-01-25 14:42:15] product_service_log.INFO: Request: GET [] {"uid":"0cabf47"}
[2019-01-25 14:42:15] product_service_log.INFO: Response: 200 OK [] {"uid":"0cabf47"}
[2019-01-25 14:42:44] product_service_log.INFO: Request: POST [] {"uid":"c4a9f3d"}
[2019-01-25 14:42:44] product_service_log.INFO: Response: 200 OK [] {"uid":"c4a9f3d"}
[2019-01-25 14:43:14] product_service_log.INFO: Request: GET [] {"uid":"b78c1ef"}
[2019-01-25 14:43:14] product_service_log.INFO: Response: 200 OK [] {"uid":"b78c1ef"}
[2019-01-25 14:44:31] product_service_log.INFO: Request: GET [] {"uid":"a216289"}
[2019-01-25 14:44:31] product_service_log.INFO: Response: 200 OK [] {"uid":"a216289"}
[2019-01-25 14:44:34] product_service_log.INFO: Request: POST [] {"uid":"2bdf4dc"}
[2019-01-25 14:44:34] product_service_log.INFO: Response: 200 OK [] {"uid":"2bdf4dc"}
[2019-01-25 14:44:38] product_service_log.INFO: Request: GET [] {"uid":"d39fc47"}
[2019-01-25 14:44:38] product_service_log.INFO: Response: 200 OK [] {"uid":"d39fc47"}
[2019-01-25 14:47:10] product_service_log.INFO: Request: GET [] {"uid":"baf8453"}
[2019-01-25 14:47:10] product_service_log.INFO: Response: 200 OK [] {"uid":"baf8453"}
[2019-01-25 14:47:46] product_service_log.INFO: Request: POST [] {"uid":"5b5629e"}
[2019-01-25 14:47:46] product_service_log.INFO: Response: 200 OK [] {"uid":"5b5629e"}
[2019-01-25 14:47:50] product_service_log.INFO: Request: GET [] {"uid":"b4818ea"}
[2019-01-25 14:47:50] product_service_log.INFO: Response: 200 OK [] {"uid":"b4818ea"}
[2019-01-25 14:48:28] product_service_log.INFO: Request: GET [] {"uid":"883ca34"}
[2019-01-25 14:48:28] product_service_log.INFO: Response: 200 OK [] {"uid":"883ca34"}
[2019-01-25 14:48:51] product_service_log.INFO: Request: GET [] {"uid":"ce441ca"}
[2019-01-25 14:48:51] product_service_log.INFO: Response: 200 OK [] {"uid":"ce441ca"}
[2019-01-25 14:49:11] product_service_log.INFO: Request: DELETE [] {"uid":"2b86ec2"}
[2019-01-25 14:49:11] product_service_log.INFO: Response: 200 OK [] {"uid":"2b86ec2"}
[2019-01-25 14:49:15] product_service_log.INFO: Request: DELETE [] {"uid":"fb76b82"}
[2019-01-25 14:49:15] product_service_log.INFO: Response: 200 OK [] {"uid":"fb76b82"}
[2019-01-25 14:49:19] product_service_log.INFO: Request: GET [] {"uid":"991c90a"}
[2019-01-25 14:49:19] product_service_log.INFO: Response: 200 OK [] {"uid":"991c90a"}
[2019-01-25 14:49:27] product_service_log.INFO: Request: GET [] {"uid":"0bd336e"}
[2019-01-25 14:49:27] product_service_log.INFO: Response: 200 OK [] {"uid":"0bd336e"}
[2019-01-25 14:49:40] product_service_log.INFO: Request: DELETE [] {"uid":"cace3cc"}
[2019-01-25 14:49:40] product_service_log.INFO: Response: 200 OK [] {"uid":"cace3cc"}
[2019-01-25 14:49:46] product_service_log.INFO: Request: GET [] {"uid":"00ee98a"}
[2019-01-25 14:49:46] product_service_log.INFO: Response: 200 OK [] {"uid":"00ee98a"}
[2019-01-25 14:49:55] product_service_log.INFO: Request: DELETE [] {"uid":"e54cc70"}
[2019-01-25 14:49:55] product_service_log.INFO: Response: 200 OK [] {"uid":"e54cc70"}
[2019-01-25 14:50:00] product_service_log.INFO: Request: GET [] {"uid":"23e4178"}
[2019-01-25 14:50:00] product_service_log.INFO: Response: 200 OK [] {"uid":"23e4178"}
[2019-01-25 14:50:05] product_service_log.INFO: Request: GET [] {"uid":"047c982"}
[2019-01-25 14:50:05] product_service_log.INFO: Response: 200 OK [] {"uid":"047c982"}
[2019-01-25 14:50:36] product_service_log.INFO: Request: DELETE [] {"uid":"c6847cd"}
[2019-01-25 14:50:37] product_service_log.INFO: Response: 200 OK [] {"uid":"c6847cd"}
[2019-01-25 14:50:39] product_service_log.INFO: Request: DELETE [] {"uid":"8fe1462"}
[2019-01-25 14:50:39] product_service_log.INFO: Response: 200 OK [] {"uid":"8fe1462"}
[2019-01-25 14:50:43] product_service_log.INFO: Request: GET [] {"uid":"ae73850"}
[2019-01-25 14:50:43] product_service_log.INFO: Response: 200 OK [] {"uid":"ae73850"}
[2019-01-25 14:50:46] product_service_log.INFO: Request: GET [] {"uid":"a76914d"}
[2019-01-25 14:50:46] product_service_log.INFO: Response: 404 Not Found [] {"uid":"a76914d"}
[2019-01-25 14:50:49] product_service_log.INFO: Request: GET [] {"uid":"86d22fc"}
[2019-01-25 14:50:49] product_service_log.INFO: Response: 200 OK [] {"uid":"86d22fc"}
[2019-01-25 14:50:57] product_service_log.INFO: Request: DELETE [] {"uid":"6a37310"}
[2019-01-25 14:50:58] product_service_log.INFO: Response: 200 OK [] {"uid":"6a37310"}
[2019-01-25 14:51:06] product_service_log.INFO: Request: GET [] {"uid":"e614928"}
[2019-01-25 14:51:06] product_service_log.INFO: Response: 200 OK [] {"uid":"e614928"}
[2019-01-25 14:51:12] product_service_log.INFO: Request: GET [] {"uid":"3d91d5d"}
[2019-01-25 14:51:12] product_service_log.INFO: Response: 200 OK [] {"uid":"3d91d5d"}
[2019-01-25 14:51:16] product_service_log.INFO: Request: POST [] {"uid":"ba42130"}
[2019-01-25 14:51:17] product_service_log.INFO: Response: 200 OK [] {"uid":"ba42130"}
[2019-01-25 14:51:20] product_service_log.INFO: Request: GET [] {"uid":"fb44451"}
[2019-01-25 14:51:20] product_service_log.INFO: Response: 200 OK [] {"uid":"fb44451"}
[2019-01-25 14:55:28] product_service_log.INFO: Request: GET [] {"uid":"6bae7b5"}
[2019-01-25 14:55:28] product_service_log.INFO: Response: 200 OK [] {"uid":"6bae7b5"}
[2019-01-25 14:56:02] product_service_log.INFO: Request: PUT [] {"uid":"2f3566d"}
[2019-01-25 14:56:03] product_service_log.INFO: Response: 200 OK [] {"uid":"2f3566d"}
[2019-01-25 14:56:41] product_service_log.INFO: Request: GET [] {"uid":"145af20"}
[2019-01-25 14:56:41] product_service_log.INFO: Response: 200 OK [] {"uid":"145af20"}
[2019-01-25 14:57:44] product_service_log.INFO: Request: PUT [] {"uid":"408ae38"}
[2019-01-25 14:57:44] product_service_log.INFO: Response: 200 OK [] {"uid":"408ae38"}
[2019-01-25 14:57:49] product_service_log.INFO: Request: GET [] {"uid":"fb4bb09"}
[2019-01-25 14:57:49] product_service_log.INFO: Response: 200 OK [] {"uid":"fb4bb09"}
[2019-01-25 14:58:07] product_service_log.INFO: Request: GET [] {"uid":"7a1d278"}
[2019-01-25 14:58:07] product_service_log.INFO: Response: 200 OK [] {"uid":"7a1d278"}
[2019-01-25 14:58:11] product_service_log.INFO: Request: PUT [] {"uid":"fa498e9"}
[2019-01-25 14:58:11] product_service_log.INFO: Response: 200 OK [] {"uid":"fa498e9"}
[2019-01-25 14:58:16] product_service_log.INFO: Request: GET [] {"uid":"0f262ee"}
[2019-01-25 14:58:16] product_service_log.INFO: Response: 200 OK [] {"uid":"0f262ee"}
[2019-01-25 14:58:42] product_service_log.INFO: Request: GET [] {"uid":"9634189"}
[2019-01-25 14:58:42] product_service_log.INFO: Response: 200 OK [] {"uid":"9634189"}
[2019-01-25 14:59:54] product_service_log.INFO: Request: GET [] {"uid":"1401d07"}
[2019-01-25 14:59:54] product_service_log.INFO: Response: 200 OK [] {"uid":"1401d07"}
[2019-01-25 15:01:09] product_service_log.INFO: Request: GET [] {"uid":"f7e59ef"}
[2019-01-25 15:01:09] product_service_log.INFO: Response: 200 OK [] {"uid":"f7e59ef"}
[2019-01-25 15:01:25] product_service_log.INFO: Request: GET [] {"uid":"6bde854"}
[2019-01-25 15:01:25] product_service_log.INFO: Response: 200 OK [] {"uid":"6bde854"}
[2019-01-25 15:01:32] product_service_log.INFO: Request: GET [] {"uid":"8a71bc0"}
[2019-01-25 15:01:32] product_service_log.INFO: Response: 200 OK [] {"uid":"8a71bc0"}
[2019-01-25 15:01:55] product_service_log.INFO: Request: GET [] {"uid":"74aa4e4"}
[2019-01-25 15:01:55] product_service_log.INFO: Response: 200 OK [] {"uid":"74aa4e4"}
[2019-01-25 15:01:57] product_service_log.INFO: Request: GET [] {"uid":"01d33fe"}
[2019-01-25 15:02:19] product_service_log.INFO: Request: GET [] {"uid":"6efcb18"}
[2019-01-25 15:02:19] product_service_log.INFO: Response: 200 OK [] {"uid":"6efcb18"}
[2019-01-25 15:02:31] product_service_log.INFO: Request: GET [] {"uid":"29a5523"}
[2019-01-25 15:02:31] product_service_log.INFO: Response: 200 OK [] {"uid":"29a5523"}
[2019-01-25 15:02:33] product_service_log.INFO: Request: GET [] {"uid":"e29cef0"}
[2019-01-25 15:02:33] product_service_log.INFO: Response: 200 OK [] {"uid":"e29cef0"}
[2019-01-25 15:03:07] product_service_log.INFO: Request: GET [] {"uid":"28cffba"}
[2019-01-25 15:03:07] product_service_log.INFO: Response: 200 OK [] {"uid":"28cffba"}
[2019-01-25 15:04:03] product_service_log.INFO: Request: GET [] {"uid":"c3b7aba"}
[2019-01-25 15:04:03] product_service_log.INFO: Response: 200 OK [] {"uid":"c3b7aba"}
[2019-01-25 15:04:35] product_service_log.INFO: Request: GET [] {"uid":"06646b1"}
[2019-01-25 15:04:35] product_service_log.INFO: Response: 200 OK [] {"uid":"06646b1"}
[2019-01-25 15:04:44] product_service_log.INFO: Request: GET [] {"uid":"09fbecd"}
[2019-01-25 15:04:44] product_service_log.INFO: Response: 200 OK [] {"uid":"09fbecd"}
[2019-01-25 15:07:20] product_service_log.INFO: Request: GET [] {"uid":"4144224"}
[2019-01-25 15:07:20] product_service_log.INFO: Response: 200 OK [] {"uid":"4144224"}
[2019-01-25 15:07:28] product_service_log.INFO: Request: GET [] {"uid":"906850b"}
[2019-01-25 15:07:28] product_service_log.INFO: Response: 200 OK [] {"uid":"906850b"}
[2019-01-25 15:07:36] product_service_log.INFO: Request: GET [] {"uid":"0e6abe6"}
[2019-01-25 15:07:36] product_service_log.INFO: Response: 200 OK [] {"uid":"0e6abe6"}
[2019-01-25 15:07:41] product_service_log.INFO: Request: GET [] {"uid":"c8ae61b"}
[2019-01-25 15:07:41] product_service_log.INFO: Response: 200 OK [] {"uid":"c8ae61b"}
[2019-01-25 15:08:31] product_service_log.INFO: Request: GET [] {"uid":"f99517d"}
[2019-01-25 15:08:31] product_service_log.INFO: Response: 200 OK [] {"uid":"f99517d"}
[2019-01-25 15:08:36] product_service_log.INFO: Request: GET [] {"uid":"603a997"}
[2019-01-25 15:08:36] product_service_log.INFO: Response: 200 OK [] {"uid":"603a997"}
[2019-01-25 15:15:23] product_service_log.INFO: Request: GET [] {"uid":"d5f746d"}
[2019-01-25 15:15:23] product_service_log.INFO: Response: 200 OK [] {"uid":"d5f746d"}
[2019-01-25 15:15:35] product_service_log.INFO: Request: GET [] {"uid":"9ac522a"}
[2019-01-25 15:15:35] product_service_log.INFO: Response: 200 OK [] {"uid":"9ac522a"}
[2019-01-26 06:44:57] product_service_log.INFO: Request: GET [] {"uid":"540b179"}
[2019-01-26 06:44:57] product_service_log.INFO: Response: 200 OK [] {"uid":"540b179"}
[2019-01-26 06:44:57] product_service_log.INFO: Request: GET [] {"uid":"13e750d"}
[2019-01-26 06:44:57] product_service_log.INFO: Response: 404 Not Found [] {"uid":"13e750d"}
[2019-01-26 06:47:13] product_service_log.INFO: Request: GET [] {"uid":"db8eee5"}
[2019-01-26 06:47:13] product_service_log.INFO: Response: 200 OK [] {"uid":"db8eee5"}
[2019-01-26 06:48:35] product_service_log.INFO: Request: GET [] {"uid":"0ea86ba"}
[2019-01-26 06:49:01] product_service_log.INFO: Request: GET [] {"uid":"2174e7a"}
[2019-01-26 06:49:10] product_service_log.INFO: Request: GET [] {"uid":"7aa78b4"}
[2019-01-26 06:49:10] product_service_log.INFO: Response: 200 OK [] {"uid":"7aa78b4"}
[2019-01-26 06:57:43] product_service_log.INFO: Request: GET [] {"uid":"ab29583"}
[2019-01-26 06:58:28] product_service_log.INFO: Request: GET [] {"uid":"7e14b0c"}
[2019-01-26 06:58:28] product_service_log.INFO: Response: 200 OK [] {"uid":"7e14b0c"}
[2019-01-26 06:58:34] product_service_log.INFO: Request: GET [] {"uid":"31c1661"}
[2019-01-26 06:58:34] product_service_log.INFO: Response: 200 OK [] {"uid":"31c1661"}
[2019-01-26 06:59:24] product_service_log.INFO: Request: GET [] {"uid":"1387a23"}
[2019-01-26 06:59:24] product_service_log.INFO: Response: 200 OK [] {"uid":"1387a23"}
[2019-01-26 06:59:48] product_service_log.INFO: Request: GET [] {"uid":"fdb4835"}
[2019-01-26 07:00:15] product_service_log.INFO: Request: GET [] {"uid":"864ef5c"}
[2019-01-26 07:00:15] product_service_log.INFO: Response: 200 OK [] {"uid":"864ef5c"}
[2019-01-26 07:01:20] product_service_log.INFO: Request: GET [] {"uid":"979d14d"}
[2019-01-26 07:01:30] product_service_log.INFO: Request: GET [] {"uid":"5e3bf54"}
[2019-01-26 07:01:40] product_service_log.INFO: Request: GET [] {"uid":"768655d"}
[2019-01-26 07:01:45] product_service_log.INFO: Request: GET [] {"uid":"16e9c7a"}
[2019-01-26 07:01:54] product_service_log.INFO: Request: GET [] {"uid":"2df2e17"}
[2019-01-26 07:02:11] product_service_log.INFO: Request: GET [] {"uid":"0771a5f"}
[2019-01-26 07:02:11] product_service_log.INFO: Response: 200 OK [] {"uid":"0771a5f"}
[2019-01-26 07:03:29] product_service_log.INFO: Request: GET [] {"uid":"c581782"}
[2019-01-26 07:03:29] product_service_log.INFO: Response: 200 OK [] {"uid":"c581782"}
[2019-01-26 07:03:45] product_service_log.INFO: Request: GET [] {"uid":"63eb836"}
[2019-01-26 07:03:45] product_service_log.INFO: Response: 404 Not Found [] {"uid":"63eb836"}
[2019-01-26 07:03:49] product_service_log.INFO: Request: GET [] {"uid":"a74addf"}
[2019-01-26 07:03:49] product_service_log.INFO: Response: 200 OK [] {"uid":"a74addf"}
[2019-01-26 07:03:52] product_service_log.INFO: Request: GET [] {"uid":"866841b"}
[2019-01-26 07:03:52] product_service_log.INFO: Response: 200 OK [] {"uid":"866841b"}
[2019-01-26 07:04:19] product_service_log.INFO: Request: GET [] {"uid":"a7963f1"}
[2019-01-26 07:04:19] product_service_log.INFO: Response: 200 OK [] {"uid":"a7963f1"}
[2019-01-26 07:05:14] product_service_log.INFO: Request: GET [] {"uid":"59eb98a"}
[2019-01-26 07:05:14] product_service_log.INFO: Response: 200 OK [] {"uid":"59eb98a"}
[2019-01-26 07:05:40] product_service_log.INFO: Request: GET [] {"uid":"bad41fa"}
[2019-01-26 07:05:40] product_service_log.INFO: Response: 200 OK [] {"uid":"bad41fa"}
[2019-01-26 07:05:46] product_service_log.INFO: Request: GET [] {"uid":"bdc5c9c"}
[2019-01-26 07:05:46] product_service_log.INFO: Response: 200 OK [] {"uid":"bdc5c9c"}
[2019-01-26 07:05:50] product_service_log.INFO: Request: GET [] {"uid":"79a27b6"}
[2019-01-26 07:05:50] product_service_log.INFO: Response: 200 OK [] {"uid":"79a27b6"}
[2019-01-26 07:10:48] product_service_log.INFO: Request: GET [] {"uid":"32d6b00"}
[2019-01-26 07:10:55] product_service_log.INFO: Request: GET [] {"uid":"eb29694"}
[2019-01-26 07:12:03] product_service_log.INFO: Request: GET [] {"uid":"551de58"}
[2019-01-26 07:12:31] product_service_log.INFO: Request: GET [] {"uid":"92a76b1"}
[2019-01-26 07:12:44] product_service_log.INFO: Request: GET [] {"uid":"24c3d8b"}
[2019-01-26 07:12:49] product_service_log.INFO: Request: GET [] {"uid":"6994645"}
[2019-01-26 07:13:17] product_service_log.INFO: Request: GET [] {"uid":"bdd17f7"}
[2019-01-26 07:13:17] product_service_log.INFO: Response: 200 OK [] {"uid":"bdd17f7"}
[2019-01-26 07:13:22] product_service_log.INFO: Request: GET [] {"uid":"575e25e"}
[2019-01-26 07:13:22] product_service_log.INFO: Response: 200 OK [] {"uid":"575e25e"}
[2019-01-26 07:13:31] product_service_log.INFO: Request: GET [] {"uid":"6efc911"}
[2019-01-26 07:13:31] product_service_log.INFO: Response: 200 OK [] {"uid":"6efc911"}
[2019-01-26 07:17:19] product_service_log.INFO: Request: GET [] {"uid":"db86fe3"}
[2019-01-26 07:17:19] product_service_log.INFO: Response: 200 OK [] {"uid":"db86fe3"}
[2019-01-26 07:17:23] product_service_log.INFO: Request: GET [] {"uid":"f9af863"}
[2019-01-26 07:17:23] product_service_log.INFO: Response: 200 OK [] {"uid":"f9af863"}
[2019-01-26 07:18:44] product_service_log.INFO: Request: GET [] {"uid":"8ba22ca"}
[2019-01-26 07:18:44] product_service_log.INFO: Response: 200 OK [] {"uid":"8ba22ca"}
[2019-01-26 07:18:51] product_service_log.INFO: Request: GET [] {"uid":"edcb2ba"}
[2019-01-26 07:18:51] product_service_log.INFO: Response: 200 OK [] {"uid":"edcb2ba"}
[2019-01-26 07:29:32] product_service_log.INFO: Request: GET [] {"uid":"f325b76"}
[2019-01-26 07:29:32] product_service_log.INFO: Response: 200 OK [] {"uid":"f325b76"}
[2019-01-26 07:29:35] product_service_log.INFO: Request: GET [] {"uid":"340176c"}
[2019-01-26 07:29:44] product_service_log.INFO: Request: GET [] {"uid":"72039a5"}
[2019-01-26 07:29:44] product_service_log.INFO: Response: 200 OK [] {"uid":"72039a5"}
[2019-01-26 07:30:19] product_service_log.INFO: Request: GET [] {"uid":"291cf50"}
[2019-01-26 07:30:19] product_service_log.INFO: Response: 200 OK [] {"uid":"291cf50"}
[2019-01-26 07:30:24] product_service_log.INFO: Request: GET [] {"uid":"41cd5f9"}
[2019-01-26 07:30:55] product_service_log.INFO: Request: GET [] {"uid":"150eea1"}
[2019-01-26 07:38:25] product_service_log.INFO: Request: GET [] {"uid":"2f8dcb1"}
[2019-01-26 07:38:39] product_service_log.INFO: Request: GET [] {"uid":"edf224c"}
[2019-01-26 07:38:51] product_service_log.INFO: Request: GET [] {"uid":"b1892c4"}
[2019-01-26 07:38:51] product_service_log.INFO: Response: 200 OK [] {"uid":"b1892c4"}
[2019-01-26 07:40:19] product_service_log.INFO: Request: GET [] {"uid":"c24f8ad"}
[2019-01-26 07:40:19] product_service_log.INFO: Response: 200 OK [] {"uid":"c24f8ad"}
[2019-01-26 07:40:22] product_service_log.INFO: Request: GET [] {"uid":"adfe7b6"}
[2019-01-26 07:45:36] product_service_log.INFO: Request: PUT [] {"uid":"5e35ce0"}
[2019-01-26 07:45:50] product_service_log.INFO: Request: POST [] {"uid":"7a0c453"}
[2019-01-26 07:45:50] product_service_log.INFO: Response: 200 OK [] {"uid":"7a0c453"}
[2019-01-26 07:46:01] product_service_log.INFO: Request: GET [] {"uid":"ea3b072"}
[2019-01-26 07:46:01] product_service_log.INFO: Response: 200 OK [] {"uid":"ea3b072"}
[2019-01-26 07:46:44] product_service_log.INFO: Request: GET [] {"uid":"6bf7707"}
[2019-01-26 07:46:54] product_service_log.INFO: Request: GET [] {"uid":"bdf4d77"}
[2019-01-26 07:47:01] product_service_log.INFO: Request: POST [] {"uid":"cda2030"}
[2019-01-26 07:47:01] product_service_log.INFO: Response: 200 OK [] {"uid":"cda2030"}
[2019-01-26 07:47:05] product_service_log.INFO: Request: GET [] {"uid":"674cdf5"}
[2019-01-26 07:47:05] product_service_log.INFO: Response: 200 OK [] {"uid":"674cdf5"}
[2019-01-26 07:58:59] product_service_log.INFO: Request: GET [] {"uid":"f2cf38f"}
[2019-01-26 07:58:59] product_service_log.INFO: Response: 200 OK [] {"uid":"f2cf38f"}
[2019-01-26 07:59:03] product_service_log.INFO: Request: GET [] {"uid":"cdd8496"}
[2019-01-26 07:59:03] product_service_log.INFO: Response: 200 OK [] {"uid":"cdd8496"}
[2019-01-26 07:59:05] product_service_log.INFO: Request: GET [] {"uid":"b05c944"}
[2019-01-26 07:59:07] product_service_log.INFO: Request: GET [] {"uid":"df0a587"}
[2019-01-26 07:59:07] product_service_log.INFO: Response: 200 OK [] {"uid":"df0a587"}
[2019-01-26 07:59:12] product_service_log.INFO: Request: GET [] {"uid":"ae9b143"}
[2019-01-26 07:59:36] product_service_log.INFO: Request: POST [] {"uid":"812fd3a"}
[2019-01-26 07:59:36] product_service_log.INFO: Response: 405 Method Not Allowed [] {"uid":"812fd3a"}
[2019-01-26 07:59:42] product_service_log.INFO: Request: POST [] {"uid":"2fcc368"}
[2019-01-26 07:59:42] product_service_log.INFO: Response: 200 OK [] {"uid":"2fcc368"}
[2019-01-26 08:00:03] product_service_log.INFO: Request: POST [] {"uid":"95b03e9"}
[2019-01-26 08:00:03] product_service_log.INFO: Response: 200 OK [] {"uid":"95b03e9"}
[2019-01-26 08:00:18] product_service_log.INFO: Request: POST [] {"uid":"55bc3b3"}
[2019-01-26 08:00:18] product_service_log.INFO: Response: 200 OK [] {"uid":"55bc3b3"}
[2019-01-26 08:00:40] product_service_log.INFO: Request: POST [] {"uid":"7b62959"}
[2019-01-26 08:00:40] product_service_log.INFO: Response: 200 OK [] {"uid":"7b62959"}
[2019-01-26 08:01:51] product_service_log.INFO: Request: GET [] {"uid":"54a2fb3"}
[2019-01-26 08:01:51] product_service_log.INFO: Response: 200 OK [] {"uid":"54a2fb3"}
[2019-01-26 08:02:07] product_service_log.INFO: Request: PUT [] {"uid":"0eb8116"}
[2019-01-26 08:02:07] product_service_log.INFO: Response: 404 Not Found [] {"uid":"0eb8116"}
[2019-01-26 08:02:12] product_service_log.INFO: Request: PUT [] {"uid":"cfc16c5"}
[2019-01-26 08:02:21] product_service_log.INFO: Request: PUT [] {"uid":"4f75e9b"}
[2019-01-26 08:02:22] product_service_log.INFO: Response: 200 OK [] {"uid":"4f75e9b"}
[2019-01-26 08:02:32] product_service_log.INFO: Request: GET [] {"uid":"eb55f81"}
[2019-01-26 08:02:32] product_service_log.INFO: Response: 200 OK [] {"uid":"eb55f81"}
[2019-01-26 08:07:53] product_service_log.INFO: Request: GET [] {"uid":"0ba348a"}
[2019-01-26 08:07:56] product_service_log.INFO: Request: GET [] {"uid":"ab90a63"}
[2019-01-26 08:07:56] product_service_log.INFO: Response: 200 OK [] {"uid":"ab90a63"}
[2019-01-26 08:08:01] product_service_log.INFO: Request: POST [] {"uid":"043dfcd"}
[2019-01-26 08:08:01] product_service_log.INFO: Response: 200 OK [] {"uid":"043dfcd"}
[2019-01-26 08:08:07] product_service_log.INFO: Request: POST [] {"uid":"9ae97ad"}
[2019-01-26 08:08:07] product_service_log.INFO: Response: 200 OK [] {"uid":"9ae97ad"}
[2019-01-26 08:08:11] product_service_log.INFO: Request: POST [] {"uid":"4187fcf"}
[2019-01-26 08:08:11] product_service_log.INFO: Response: 200 OK [] {"uid":"4187fcf"}
[2019-01-26 08:08:19] product_service_log.INFO: Request: GET [] {"uid":"0041633"}
[2019-01-26 08:08:19] product_service_log.INFO: Response: 200 OK [] {"uid":"0041633"}
[2019-01-26 08:08:29] product_service_log.INFO: Request: PUT [] {"uid":"dff7828"}
[2019-01-26 08:08:47] product_service_log.INFO: Request: PUT [] {"uid":"0e7519c"}
[2019-01-26 08:09:02] product_service_log.INFO: Request: PUT [] {"uid":"a8f9997"}
[2019-01-26 08:09:02] product_service_log.INFO: Response: 200 OK [] {"uid":"a8f9997"}
[2019-01-26 08:09:08] product_service_log.INFO: Request: GET [] {"uid":"44e4203"}
[2019-01-26 08:09:08] product_service_log.INFO: Response: 200 OK [] {"uid":"44e4203"}
[2019-01-26 08:10:36] product_service_log.INFO: Request: PUT [] {"uid":"b9b0c9a"}
[2019-01-26 08:10:36] product_service_log.INFO: Response: 200 OK [] {"uid":"b9b0c9a"}
[2019-01-26 08:11:43] product_service_log.INFO: Request: PUT [] {"uid":"3ee7af8"}
[2019-01-26 08:12:16] product_service_log.INFO: Request: PUT [] {"uid":"359f702"}
[2019-01-26 08:12:16] product_service_log.INFO: Response: 200 OK [] {"uid":"359f702"}
[2019-01-26 08:12:22] product_service_log.INFO: Request: GET [] {"uid":"120b733"}
[2019-01-26 08:12:22] product_service_log.INFO: Response: 200 OK [] {"uid":"120b733"}
[2019-01-26 08:14:42] product_service_log.INFO: Request: PUT [] {"uid":"b7ce28d"}
[2019-01-26 08:14:42] product_service_log.INFO: Response: 200 OK [] {"uid":"b7ce28d"}
[2019-01-26 08:14:48] product_service_log.INFO: Request: GET [] {"uid":"4418ee8"}
[2019-01-26 08:14:48] product_service_log.INFO: Response: 200 OK [] {"uid":"4418ee8"}
[2019-01-26 08:14:57] product_service_log.INFO: Request: PUT [] {"uid":"9795c7f"}
[2019-01-26 08:14:57] product_service_log.INFO: Response: 200 OK [] {"uid":"9795c7f"}
[2019-01-26 08:15:09] product_service_log.INFO: Request: PUT [] {"uid":"06c487f"}
[2019-01-26 08:15:09] product_service_log.INFO: Response: 200 OK [] {"uid":"06c487f"}
[2019-01-26 08:15:14] product_service_log.INFO: Request: GET [] {"uid":"ed1190d"}
[2019-01-26 08:15:14] product_service_log.INFO: Response: 200 OK [] {"uid":"ed1190d"}
[2019-01-26 08:15:22] product_service_log.INFO: Request: PUT [] {"uid":"50f1089"}
[2019-01-26 08:15:22] product_service_log.INFO: Response: 200 OK [] {"uid":"50f1089"}
[2019-01-26 08:15:26] product_service_log.INFO: Request: PUT [] {"uid":"863d06b"}
[2019-01-26 08:15:26] product_service_log.INFO: Response: 200 OK [] {"uid":"863d06b"}
[2019-01-26 08:15:30] product_service_log.INFO: Request: PUT [] {"uid":"4915343"}
[2019-01-26 08:15:30] product_service_log.INFO: Response: 200 OK [] {"uid":"4915343"}
[2019-01-26 08:15:32] product_service_log.INFO: Request: PUT [] {"uid":"d4d7103"}
[2019-01-26 08:15:33] product_service_log.INFO: Response: 200 OK [] {"uid":"d4d7103"}
[2019-01-26 08:16:10] product_service_log.INFO: Request: PUT [] {"uid":"083e088"}
[2019-01-26 08:16:10] product_service_log.INFO: Response: 200 OK [] {"uid":"083e088"}
[2019-01-26 08:16:11] product_service_log.INFO: Request: PUT [] {"uid":"4214a58"}
[2019-01-26 08:16:11] product_service_log.INFO: Response: 200 OK [] {"uid":"4214a58"}
[2019-01-26 08:16:12] product_service_log.INFO: Request: PUT [] {"uid":"ce83af2"}
[2019-01-26 08:16:12] product_service_log.INFO: Response: 200 OK [] {"uid":"ce83af2"}
[2019-01-26 08:16:13] product_service_log.INFO: Request: PUT [] {"uid":"81208b6"}
[2019-01-26 08:16:13] product_service_log.INFO: Response: 200 OK [] {"uid":"81208b6"}
[2019-01-26 08:16:15] product_service_log.INFO: Request: GET [] {"uid":"069c6bc"}
[2019-01-26 08:16:15] product_service_log.INFO: Response: 200 OK [] {"uid":"069c6bc"}
[2019-01-26 08:16:25] product_service_log.INFO: Request: PUT [] {"uid":"af318ac"}
[2019-01-26 08:16:25] product_service_log.INFO: Response: 200 OK [] {"uid":"af318ac"}
[2019-01-26 08:16:28] product_service_log.INFO: Request: PUT [] {"uid":"3107062"}
[2019-01-26 08:16:28] product_service_log.INFO: Response: 200 OK [] {"uid":"3107062"}
[2019-01-26 08:16:39] product_service_log.INFO: Request: PUT [] {"uid":"a741941"}
[2019-01-26 08:16:39] product_service_log.INFO: Response: 200 OK [] {"uid":"a741941"}
[2019-01-26 08:16:43] product_service_log.INFO: Request: GET [] {"uid":"d069367"}
[2019-01-26 08:16:43] product_service_log.INFO: Response: 200 OK [] {"uid":"d069367"}
[2019-01-26 08:16:54] product_service_log.INFO: Request: DELETE [] {"uid":"d1df73c"}
[2019-01-26 08:16:55] product_service_log.INFO: Response: 200 OK [] {"uid":"d1df73c"}
[2019-01-26 08:17:02] product_service_log.INFO: Request: GET [] {"uid":"087e425"}
[2019-01-26 08:17:02] product_service_log.INFO: Response: 200 OK [] {"uid":"087e425"}
[2019-01-26 08:17:32] product_service_log.INFO: Request: DELETE [] {"uid":"4c14c8e"}
[2019-01-26 08:17:40] product_service_log.INFO: Request: GET [] {"uid":"0edc393"}
[2019-01-26 08:17:43] product_service_log.INFO: Request: GET [] {"uid":"18dc853"}
[2019-01-26 08:17:43] product_service_log.INFO: Response: 200 OK [] {"uid":"18dc853"}
[2019-01-26 08:19:12] product_service_log.INFO: Request: POST [] {"uid":"0fa33e9"}
[2019-01-26 08:19:12] product_service_log.INFO: Response: 405 Method Not Allowed [] {"uid":"0fa33e9"}
[2019-01-26 08:19:14] product_service_log.INFO: Request: POST [] {"uid":"6aec4eb"}
[2019-01-26 08:19:14] product_service_log.INFO: Response: 200 OK [] {"uid":"6aec4eb"}
[2019-01-26 08:19:18] product_service_log.INFO: Request: GET [] {"uid":"ff9e414"}
[2019-01-26 08:19:18] product_service_log.INFO: Response: 200 OK [] {"uid":"ff9e414"}
[2019-01-26 08:19:43] product_service_log.INFO: Request: POST [] {"uid":"2d47b43"}
[2019-01-26 08:19:43] product_service_log.INFO: Response: 200 OK [] {"uid":"2d47b43"}
[2019-01-26 08:19:48] product_service_log.INFO: Request: GET [] {"uid":"b4d89e7"}
[2019-01-26 08:19:48] product_service_log.INFO: Response: 200 OK [] {"uid":"b4d89e7"}
[2019-01-26 08:20:17] product_service_log.INFO: Request: POST [] {"uid":"3e4acfc"}
[2019-01-26 08:20:18] product_service_log.INFO: Response: 200 OK [] {"uid":"3e4acfc"}
[2019-01-26 08:20:22] product_service_log.INFO: Request: GET [] {"uid":"361fb2d"}
[2019-01-26 08:20:22] product_service_log.INFO: Response: 200 OK [] {"uid":"361fb2d"}
[2019-01-26 08:21:06] product_service_log.INFO: Request: POST [] {"uid":"21d7623"}
[2019-01-26 08:21:06] product_service_log.INFO: Response: 200 OK [] {"uid":"21d7623"}
[2019-01-26 08:21:10] product_service_log.INFO: Request: GET [] {"uid":"47c188c"}
[2019-01-26 08:21:10] product_service_log.INFO: Response: 200 OK [] {"uid":"47c188c"}
[2019-01-26 08:25:26] product_service_log.INFO: Request: DELETE [] {"uid":"c73bb05"}
[2019-01-26 08:25:26] product_service_log.INFO: Response: 200 OK [] {"uid":"c73bb05"}
[2019-01-26 08:25:29] product_service_log.INFO: Request: DELETE [] {"uid":"4d162f1"}
[2019-01-26 08:25:31] product_service_log.INFO: Request: DELETE [] {"uid":"dc11032"}
[2019-01-26 08:25:31] product_service_log.INFO: Response: 200 OK [] {"uid":"dc11032"}
[2019-01-26 08:25:34] product_service_log.INFO: Request: DELETE [] {"uid":"706e720"}
[2019-01-26 08:25:34] product_service_log.INFO: Response: 200 OK [] {"uid":"706e720"}
[2019-01-26 08:25:35] product_service_log.INFO: Request: DELETE [] {"uid":"c58de84"}
[2019-01-26 08:25:35] product_service_log.INFO: Response: 200 OK [] {"uid":"c58de84"}
[2019-01-26 08:25:36] product_service_log.INFO: Request: DELETE [] {"uid":"531f1ad"}
[2019-01-26 08:25:41] product_service_log.INFO: Request: GET [] {"uid":"ee99a7f"}
[2019-01-26 08:25:41] product_service_log.INFO: Response: 200 OK [] {"uid":"ee99a7f"}
[2019-01-26 08:45:18] product_service_log.INFO: Request: GET [] {"uid":"3417487"}
[2019-01-26 08:45:23] product_service_log.INFO: Request: GET [] {"uid":"bdc818e"}
[2019-01-26 08:45:27] product_service_log.INFO: Request: GET [] {"uid":"3daeee5"}
[2019-01-26 08:45:30] product_service_log.INFO: Request: GET [] {"uid":"32fb3b4"}
[2019-01-26 08:45:30] product_service_log.INFO: Response: 404 Not Found [] {"uid":"32fb3b4"}
[2019-01-26 08:45:32] product_service_log.INFO: Request: GET [] {"uid":"1573200"}
[2019-01-26 08:45:32] product_service_log.INFO: Response: 200 OK [] {"uid":"1573200"}
[2019-01-26 08:46:40] product_service_log.INFO: Request: GET [] {"uid":"b0299ec"}
[2019-01-26 08:46:40] product_service_log.INFO: Response: 200 OK [] {"uid":"b0299ec"}
[2019-01-26 08:46:43] product_service_log.INFO: Request: GET [] {"uid":"d491895"}
[2019-01-26 08:46:43] product_service_log.INFO: Response: 404 Not Found [] {"uid":"d491895"}
[2019-01-26 08:46:47] product_service_log.INFO: Request: GET [] {"uid":"ea7dba3"}
[2019-01-26 08:47:19] product_service_log.INFO: Request: GET [] {"uid":"31a6221"}
[2019-01-26 08:47:34] product_service_log.INFO: Request: GET [] {"uid":"c17aed7"}
[2019-01-26 08:48:06] product_service_log.INFO: Request: GET [] {"uid":"56638e9"}
[2019-01-26 09:08:29] product_service_log.INFO: Request: GET [] {"uid":"737098b"}
[2019-01-26 09:08:29] product_service_log.INFO: Response: 200 OK [] {"uid":"737098b"}
[2019-01-26 09:13:57] product_service_log.INFO: Request: POST [] {"uid":"d5af9a1"}
[2019-01-26 09:13:58] product_service_log.INFO: Response: 200 OK [] {"uid":"d5af9a1"}
[2019-01-26 09:14:03] product_service_log.INFO: Request: GET [] {"uid":"2182c4a"}
[2019-01-26 09:14:03] product_service_log.INFO: Response: 200 OK [] {"uid":"2182c4a"}
[2019-01-26 09:14:25] product_service_log.INFO: Request: GET [] {"uid":"0a5d0e4"}
[2019-01-26 09:14:25] product_service_log.INFO: Response: 200 OK [] {"uid":"0a5d0e4"}
[2019-01-26 09:14:36] product_service_log.INFO: Request: PUT [] {"uid":"c9f0c6f"}
[2019-01-26 09:14:36] product_service_log.INFO: Response: 200 OK [] {"uid":"c9f0c6f"}
[2019-01-26 09:14:43] product_service_log.INFO: Request: PUT [] {"uid":"bb82217"}
[2019-01-26 09:14:43] product_service_log.INFO: Response: 200 OK [] {"uid":"bb82217"}
[2019-01-26 09:14:47] product_service_log.INFO: Request: GET [] {"uid":"e48b1b1"}
[2019-01-26 09:14:47] product_service_log.INFO: Response: 200 OK [] {"uid":"e48b1b1"}
[2019-01-26 09:14:54] product_service_log.INFO: Request: GET [] {"uid":"617588b"}
[2019-01-26 09:14:54] product_service_log.INFO: Response: 200 OK [] {"uid":"617588b"}
[2019-01-26 09:56:53] product_service_log.INFO: Request: GET [] {"uid":"20d1a14"}
[2019-01-26 09:56:53] product_service_log.INFO: Response: 200 OK [] {"uid":"20d1a14"}
[2019-01-26 09:59:46] product_service_log.INFO: Request: POST [] {"uid":"f675577"}
[2019-01-26 10:00:55] product_service_log.INFO: Request: POST [] {"uid":"d54233b"}
[2019-01-26 10:02:02] product_service_log.INFO: Request: POST [] {"uid":"df0e559"}
[2019-01-26 10:02:34] product_service_log.INFO: Request: POST [] {"uid":"30757f2"}
[2019-01-26 10:02:35] product_service_log.INFO: Response: 201 Created [] {"uid":"30757f2"}
[2019-01-26 10:06:03] product_service_log.INFO: Request: POST [] {"uid":"e85de37"}
[2019-01-26 10:06:03] product_service_log.INFO: Response: 201 Created [] {"uid":"e85de37"}
[2019-01-26 10:06:27] product_service_log.INFO: Request: POST [] {"uid":"50ee8d7"}
[2019-01-26 10:06:27] product_service_log.INFO: Response: 201 Created [] {"uid":"50ee8d7"}
[2019-01-26 10:06:55] product_service_log.INFO: Request: POST [] {"uid":"430fcb1"}
[2019-01-26 10:07:03] product_service_log.INFO: Request: POST [] {"uid":"4e02b3d"}
[2019-01-26 10:07:29] product_service_log.INFO: Request: POST [] {"uid":"a64b278"}
[2019-01-26 10:07:42] product_service_log.INFO: Request: POST [] {"uid":"26e2b6b"}
[2019-01-26 10:08:43] product_service_log.INFO: Request: POST [] {"uid":"47989ce"}
[2019-01-26 10:10:41] product_service_log.INFO: Request: POST [] {"uid":"3d0e19f"}
[2019-01-26 10:10:51] product_service_log.INFO: Request: POST [] {"uid":"dc9489d"}
[2019-01-26 10:11:00] product_service_log.INFO: Request: POST [] {"uid":"72aaca1"}
[2019-01-26 10:44:04] product_service_log.INFO: Request: POST [] {"uid":"dc7f19c"}
[2019-01-26 10:44:38] product_service_log.INFO: Request: POST [] {"uid":"a0b1dca"}
[2019-01-26 10:44:54] product_service_log.INFO: Request: POST [] {"uid":"c5efefd"}
[2019-01-26 10:45:15] product_service_log.INFO: Request: POST [] {"uid":"9f70879"}
[2019-01-26 10:46:26] product_service_log.INFO: Request: POST [] {"uid":"e2fffde"}
[2019-01-26 10:47:05] product_service_log.INFO: Request: POST [] {"uid":"863b644"}
[2019-01-26 10:47:06] product_service_log.INFO: Response: 201 Created [] {"uid":"863b644"}
[2019-01-26 10:48:08] product_service_log.INFO: Request: PUT [] {"uid":"a50d07a"}
[2019-01-26 10:48:09] product_service_log.INFO: Response: 201 Created [] {"uid":"a50d07a"}
[2019-01-26 10:48:40] product_service_log.INFO: Request: PUT [] {"uid":"eddbb3f"}
[2019-01-26 10:48:41] product_service_log.INFO: Response: 201 Created [] {"uid":"eddbb3f"}
[2019-01-26 10:49:46] product_service_log.INFO: Request: PUT [] {"uid":"45279e7"}
[2019-01-26 10:49:47] product_service_log.INFO: Response: 201 Created [] {"uid":"45279e7"}
[2019-01-26 10:50:09] product_service_log.INFO: Request: DELETE [] {"uid":"66a69d3"}
[2019-01-26 10:50:09] product_service_log.INFO: Response: 201 Created [] {"uid":"66a69d3"}
[2019-01-26 10:51:09] product_service_log.INFO: Request: DELETE [] {"uid":"42e768b"}
[2019-01-26 10:51:09] product_service_log.INFO: Response: 201 Created [] {"uid":"42e768b"}
[2019-01-26 10:51:10] product_service_log.INFO: Request: DELETE [] {"uid":"962c5d6"}
[2019-01-26 10:51:15] product_service_log.INFO: Request: DELETE [] {"uid":"ab5285a"}
[2019-01-26 10:51:15] product_service_log.INFO: Response: 201 Created [] {"uid":"ab5285a"}
[2019-01-26 10:51:22] product_service_log.INFO: Request: GET [] {"uid":"f94278b"}
[2019-01-26 10:51:22] product_service_log.INFO: Response: 200 OK [] {"uid":"f94278b"}
[2019-01-26 10:52:47] product_service_log.INFO: Request: GET [] {"uid":"401264d"}
[2019-01-26 10:52:48] product_service_log.INFO: Response: 200 OK [] {"uid":"401264d"}
[2019-01-26 10:53:00] product_service_log.INFO: Request: GET [] {"uid":"f9b77a4"}
[2019-01-26 10:53:00] product_service_log.INFO: Response: 200 OK [] {"uid":"f9b77a4"}
[2019-01-26 11:08:25] product_service_log.INFO: Request: GET [] {"uid":"1b37d06"}
[2019-01-26 11:08:26] product_service_log.INFO: Response: 200 OK [] {"uid":"1b37d06"}
[2019-01-26 11:08:48] product_service_log.INFO: Request: GET [] {"uid":"32e3ba0"}
[2019-01-26 11:08:48] product_service_log.INFO: Response: 200 OK [] {"uid":"32e3ba0"}
[2019-01-26 11:09:12] product_service_log.INFO: Request: GET [] {"uid":"40f2aee"}
[2019-01-26 11:09:12] product_service_log.INFO: Response: 200 OK [] {"uid":"40f2aee"}
[2019-01-26 11:09:26] product_service_log.INFO: Request: GET [] {"uid":"02175b0"}
[2019-01-26 11:09:26] product_service_log.INFO: Response: 200 OK [] {"uid":"02175b0"}
[2019-01-26 11:10:13] product_service_log.INFO: Request: GET [] {"uid":"ad766e2"}
[2019-01-26 11:10:13] product_service_log.INFO: Response: 200 OK [] {"uid":"ad766e2"}
[2019-01-26 11:12:46] product_service_log.INFO: Request: GET [] {"uid":"1e0bdca"}
[2019-01-26 11:12:46] product_service_log.INFO: Response: 200 OK [] {"uid":"1e0bdca"}
[2019-01-26 11:13:04] product_service_log.INFO: Request: GET [] {"uid":"35195dc"}
[2019-01-26 11:13:04] product_service_log.INFO: Response: 200 OK [] {"uid":"35195dc"}
[2019-01-26 11:13:10] product_service_log.INFO: Request: GET [] {"uid":"2fa900b"}
[2019-01-26 11:13:10] product_service_log.INFO: Response: 200 OK [] {"uid":"2fa900b"}
[2019-01-26 11:13:15] product_service_log.INFO: Request: GET [] {"uid":"654e2f8"}
[2019-01-26 11:13:15] product_service_log.INFO: Response: 200 OK [] {"uid":"654e2f8"}
[2019-01-26 11:15:17] product_service_log.INFO: Request: GET [] {"uid":"804d77b"}
[2019-01-26 11:15:17] product_service_log.INFO: Response: 200 OK [] {"uid":"804d77b"}
[2019-01-26 11:15:20] product_service_log.INFO: Request: GET [] {"uid":"0cb9ab4"}
[2019-01-26 11:15:20] product_service_log.INFO: Response: 200 OK [] {"uid":"0cb9ab4"}
[2019-01-26 11:15:32] product_service_log.INFO: Request: GET [] {"uid":"53e7dc0"}
[2019-01-26 11:15:32] product_service_log.INFO: Response: 200 OK [] {"uid":"53e7dc0"}
[2019-01-26 11:15:35] product_service_log.INFO: Request: GET [] {"uid":"94f0d19"}
[2019-01-26 11:15:35] product_service_log.INFO: Response: 200 OK [] {"uid":"94f0d19"}
[2019-01-26 11:16:00] product_service_log.INFO: Request: GET [] {"uid":"94c40cf"}
[2019-01-26 11:16:00] product_service_log.INFO: Response: 200 OK [] {"uid":"94c40cf"}
[2019-01-26 11:16:04] product_service_log.INFO: Request: GET [] {"uid":"1c2483b"}
[2019-01-26 11:16:04] product_service_log.INFO: Response: 200 OK [] {"uid":"1c2483b"}
[2019-01-26 11:16:08] product_service_log.INFO: Request: GET [] {"uid":"37e5d2b"}
[2019-01-26 11:16:08] product_service_log.INFO: Response: 200 OK [] {"uid":"37e5d2b"}
[2019-01-26 11:16:21] product_service_log.INFO: Request: GET [] {"uid":"e23faf2"}
[2019-01-26 11:16:21] product_service_log.INFO: Response: 200 OK [] {"uid":"e23faf2"}
[2019-01-26 11:16:38] product_service_log.INFO: Request: GET [] {"uid":"2a0b8b8"}
[2019-01-26 11:16:38] product_service_log.INFO: Response: 200 OK [] {"uid":"2a0b8b8"}
[2019-01-26 11:16:54] product_service_log.INFO: Request: GET [] {"uid":"c5eb205"}
[2019-01-26 11:16:54] product_service_log.INFO: Response: 200 OK [] {"uid":"c5eb205"}
[2019-01-26 11:17:03] product_service_log.INFO: Request: GET [] {"uid":"639cc89"}
[2019-01-26 11:17:03] product_service_log.INFO: Response: 200 OK [] {"uid":"639cc89"}
[2019-01-26 11:17:07] product_service_log.INFO: Request: GET [] {"uid":"3dcd2df"}
[2019-01-26 11:17:07] product_service_log.INFO: Response: 200 OK [] {"uid":"3dcd2df"}
[2019-01-26 11:17:31] product_service_log.INFO: Request: GET [] {"uid":"f9a587e"}
[2019-01-26 11:17:39] product_service_log.INFO: Request: GET [] {"uid":"acf44cb"}
[2019-01-26 11:17:47] product_service_log.INFO: Request: GET [] {"uid":"03a9a41"}
[2019-01-26 11:17:56] product_service_log.INFO: Request: GET [] {"uid":"f9f9776"}
[2019-01-26 11:17:56] product_service_log.INFO: Response: 200 OK [] {"uid":"f9f9776"}
[2019-01-26 11:18:01] product_service_log.INFO: Request: GET [] {"uid":"657500d"}
[2019-01-26 11:18:01] product_service_log.INFO: Response: 200 OK [] {"uid":"657500d"}
[2019-01-26 11:18:09] product_service_log.INFO: Request: GET [] {"uid":"482a717"}
[2019-01-26 11:18:09] product_service_log.INFO: Response: 200 OK [] {"uid":"482a717"}
[2019-01-26 11:18:12] product_service_log.INFO: Request: GET [] {"uid":"b5ecdac"}
[2019-01-26 11:18:12] product_service_log.INFO: Response: 200 OK [] {"uid":"b5ecdac"}
[2019-01-26 11:18:16] product_service_log.INFO: Request: GET [] {"uid":"c6a937e"}
[2019-01-26 11:18:16] product_service_log.INFO: Response: 200 OK [] {"uid":"c6a937e"}
[2019-01-26 11:18:25] product_service_log.INFO: Request: GET [] {"uid":"47f0dab"}
[2019-01-26 11:18:25] product_service_log.INFO: Response: 200 OK [] {"uid":"47f0dab"}
[2019-01-26 11:18:55] product_service_log.INFO: Request: GET [] {"uid":"53340c0"}
[2019-01-26 11:18:55] product_service_log.INFO: Response: 200 OK [] {"uid":"53340c0"}
[2019-01-26 11:18:58] product_service_log.INFO: Request: GET [] {"uid":"8c837e1"}
[2019-01-26 11:18:58] product_service_log.INFO: Response: 200 OK [] {"uid":"8c837e1"}
[2019-01-26 11:19:08] product_service_log.INFO: Request: GET [] {"uid":"5a2385e"}
[2019-01-26 11:19:08] product_service_log.INFO: Response: 200 OK [] {"uid":"5a2385e"}
[2019-01-26 11:19:11] product_service_log.INFO: Request: GET [] {"uid":"b6dc857"}
[2019-01-26 11:19:11] product_service_log.INFO: Response: 200 OK [] {"uid":"b6dc857"}
[2019-01-26 11:19:24] product_service_log.INFO: Request: GET [] {"uid":"4c183eb"}
[2019-01-26 11:19:24] product_service_log.INFO: Response: 200 OK [] {"uid":"4c183eb"}
[2019-01-26 11:19:49] product_service_log.INFO: Request: GET [] {"uid":"e8b3a29"}
[2019-01-26 11:19:58] product_service_log.INFO: Request: GET [] {"uid":"9a773df"}
[2019-01-26 11:20:08] product_service_log.INFO: Request: GET [] {"uid":"2b8a50c"}
[2019-01-26 11:20:08] product_service_log.INFO: Response: 200 OK [] {"uid":"2b8a50c"}
[2019-01-26 11:20:22] product_service_log.INFO: Request: GET [] {"uid":"3d3a334"}
[2019-01-26 11:20:22] product_service_log.INFO: Response: 200 OK [] {"uid":"3d3a334"}
[2019-01-26 11:20:37] product_service_log.INFO: Request: GET [] {"uid":"94b7fb5"}
[2019-01-26 11:20:37] product_service_log.INFO: Response: 200 OK [] {"uid":"94b7fb5"}
[2019-01-26 11:20:42] product_service_log.INFO: Request: GET [] {"uid":"13dd7f0"}
[2019-01-26 11:20:42] product_service_log.INFO: Response: 200 OK [] {"uid":"13dd7f0"}
[2019-01-26 11:20:47] product_service_log.INFO: Request: GET [] {"uid":"df06ddd"}
[2019-01-26 11:20:47] product_service_log.INFO: Response: 200 OK [] {"uid":"df06ddd"}
[2019-01-26 11:21:12] product_service_log.INFO: Request: GET [] {"uid":"2325605"}
[2019-01-26 11:21:12] product_service_log.INFO: Response: 200 OK [] {"uid":"2325605"}
[2019-01-26 11:23:19] product_service_log.INFO: Request: GET [] {"uid":"b54d7a4"}
[2019-01-26 11:23:27] product_service_log.INFO: Request: GET [] {"uid":"9c94f46"}
[2019-01-26 11:23:34] product_service_log.INFO: Request: GET [] {"uid":"4959f70"}
[2019-01-26 11:23:34] product_service_log.INFO: Response: 200 OK [] {"uid":"4959f70"}
[2019-01-26 11:23:56] product_service_log.INFO: Request: GET [] {"uid":"db3bb1a"}
[2019-01-26 11:23:56] product_service_log.INFO: Response: 200 OK [] {"uid":"db3bb1a"}
[2019-01-26 11:24:02] product_service_log.INFO: Request: GET [] {"uid":"f6ae030"}
[2019-01-26 11:24:02] product_service_log.INFO: Response: 200 OK [] {"uid":"f6ae030"}
[2019-01-26 11:24:06] product_service_log.INFO: Request: GET [] {"uid":"fa16f15"}
[2019-01-26 11:24:06] product_service_log.INFO: Response: 200 OK [] {"uid":"fa16f15"}
[2019-01-26 11:24:24] product_service_log.INFO: Request: GET [] {"uid":"787ca70"}
[2019-01-26 11:24:24] product_service_log.INFO: Response: 200 OK [] {"uid":"787ca70"}
[2019-01-26 11:27:39] product_service_log.INFO: Request: GET [] {"uid":"43618c5"}
[2019-01-26 11:27:39] product_service_log.INFO: Response: 200 OK [] {"uid":"43618c5"}
[2019-01-26 11:27:39] product_service_log.INFO: Request: GET [] {"uid":"f81522a"}
[2019-01-26 11:27:39] product_service_log.INFO: Response: 404 Not Found [] {"uid":"f81522a"}
[2019-01-27 10:17:15] product_service_log.INFO: Request: GET [] {"uid":"a7c9d10"}
[2019-01-27 10:17:16] product_service_log.INFO: Response: 404 Not Found [] {"uid":"a7c9d10"}
[2019-01-27 10:17:23] product_service_log.INFO: Request: GET [] {"uid":"9a49c6f"}
[2019-01-27 10:17:23] product_service_log.INFO: Response: 200 OK [] {"uid":"9a49c6f"}
